<?xml version="1.0" encoding="UTF-8"?>
<!-- Generated by org.testng.reporters.JUnitReportReporter -->
<testsuite hostname="Leenas-MacBook-Air.local" failures="0" tests="3" name="testngsessions.OrangeHRMTest" time="0.059" errors="0" timestamp="2024-04-02T08:52:24 PDT" skipped="0">
  <testcase classname="testngsessions.OrangeHRMTest" name="imageTest" time="0.042"/>
  <testcase classname="testngsessions.OrangeHRMTest" name="urlTest" time="0.008"/>
  <testcase classname="testngsessions.OrangeHRMTest" name="titleTest" time="0.009"/>
</testsuite> <!-- testngsessions.OrangeHRMTest -->
