<?xml version="1.0" encoding="UTF-8"?>
<!-- Generated by org.testng.reporters.JUnitReportReporter -->
<testsuite hostname="Leenas-MacBook-Air.local" failures="0" tests="3" name="testngsessions.OpenCartLoginTest" time="0.094" errors="0" timestamp="2024-04-02T08:52:24 PDT" skipped="0">
  <testcase classname="testngsessions.OpenCartLoginTest" name="titleTest" time="0.042"/>
  <testcase classname="testngsessions.OpenCartLoginTest" name="imageTest" time="0.041"/>
  <testcase classname="testngsessions.OpenCartLoginTest" name="urlTest" time="0.011"/>
</testsuite> <!-- testngsessions.OpenCartLoginTest -->
