<?xml version="1.0" encoding="UTF-8"?>
<!-- Generated by org.testng.reporters.JUnitReportReporter -->
<testsuite hostname="Leenas-MacBook-Air.local" failures="0" tests="3" name="testngsessions.OpenCartTest" time="0.027" errors="0" timestamp="2024-03-26T18:37:46 PDT" skipped="0">
  <testcase classname="testngsessions.OpenCartTest" name="titleTest" time="0.005"/>
  <testcase classname="testngsessions.OpenCartTest" name="headerTest" time="0.019"/>
  <testcase classname="testngsessions.OpenCartTest" name="urlTest" time="0.003"/>
</testsuite> <!-- testngsessions.OpenCartTest -->
